<?xml version="1.0" encoding="UTF-8"?>
<testng-results ignored="0" total="1" passed="1" failed="0" skipped="0">
  <reporter-output>
  </reporter-output>
  <suite started-at="2021-04-18T17:44:39 IST" name="Default suite" finished-at="2021-04-18T17:45:03 IST" duration-ms="23862">
    <groups>
      <group name="cucumber">
        <method signature="AbstractTestNGCucumberTests.feature(cucumber.api.testng.CucumberFeatureWrapper)[pri:0, instance:runner.TestRunner@7d3e8655]" name="feature" class="cucumber.api.testng.AbstractTestNGCucumberTests"/>
      </group> <!-- cucumber -->
    </groups>
    <test started-at="2021-04-18T17:44:39 IST" name="Default test" finished-at="2021-04-18T17:45:03 IST" duration-ms="23862">
      <class name="runner.TestRunner">
        <test-method is-config="true" signature="setUpClass()[pri:0, instance:runner.TestRunner@7d3e8655]" started-at="2021-04-18T17:44:39 IST" name="setUpClass" finished-at="2021-04-18T17:44:40 IST" duration-ms="948" status="PASS">
          <reporter-output>
          </reporter-output>
        </test-method> <!-- setUpClass -->
        <test-method signature="feature(cucumber.api.testng.CucumberFeatureWrapper)[pri:0, instance:runner.TestRunner@7d3e8655]" started-at="2021-04-18T17:44:41 IST" name="feature" description="Runs Cucumber Feature" data-provider="features" finished-at="2021-04-18T17:45:03 IST" duration-ms="22480" status="PASS">
          <params>
            <param index="0">
              <value>
                <![CDATA[vwoTesting]]>
              </value>
            </param>
          </params>
          <reporter-output>
          </reporter-output>
        </test-method> <!-- feature -->
        <test-method is-config="true" signature="tearDownClass()[pri:0, instance:runner.TestRunner@7d3e8655]" started-at="2021-04-18T17:45:03 IST" name="tearDownClass" finished-at="2021-04-18T17:45:03 IST" duration-ms="3" status="PASS">
          <reporter-output>
          </reporter-output>
        </test-method> <!-- tearDownClass -->
      </class> <!-- runner.TestRunner -->
    </test> <!-- Default test -->
  </suite> <!-- Default suite -->
</testng-results>
