<?xml version="1.0" encoding="UTF-8"?>
<testng-results ignored="0" total="1" passed="1" failed="0" skipped="0">
  <reporter-output>
  </reporter-output>
  <suite started-at="2021-04-18T11:43:50 IST" name="Default suite" finished-at="2021-04-18T11:44:11 IST" duration-ms="20273">
    <groups>
      <group name="cucumber">
        <method signature="AbstractTestNGCucumberTests.feature(cucumber.api.testng.CucumberFeatureWrapper)[pri:0, instance:runner.TestRunner@702657cc]" name="feature" class="cucumber.api.testng.AbstractTestNGCucumberTests"/>
      </group> <!-- cucumber -->
    </groups>
    <test started-at="2021-04-18T11:43:50 IST" name="Default test" finished-at="2021-04-18T11:44:11 IST" duration-ms="20273">
      <class name="runner.TestRunner">
        <test-method is-config="true" signature="setUpClass()[pri:0, instance:runner.TestRunner@702657cc]" started-at="2021-04-18T11:43:51 IST" name="setUpClass" finished-at="2021-04-18T11:43:51 IST" duration-ms="221" status="PASS">
          <reporter-output>
          </reporter-output>
        </test-method> <!-- setUpClass -->
        <test-method signature="feature(cucumber.api.testng.CucumberFeatureWrapper)[pri:0, instance:runner.TestRunner@702657cc]" started-at="2021-04-18T11:43:51 IST" name="feature" description="Runs Cucumber Feature" data-provider="features" finished-at="2021-04-18T11:44:11 IST" duration-ms="19944" status="PASS">
          <params>
            <param index="0">
              <value>
                <![CDATA[vwoTesting]]>
              </value>
            </param>
          </params>
          <reporter-output>
          </reporter-output>
        </test-method> <!-- feature -->
        <test-method is-config="true" signature="tearDownClass()[pri:0, instance:runner.TestRunner@702657cc]" started-at="2021-04-18T11:44:11 IST" name="tearDownClass" finished-at="2021-04-18T11:44:11 IST" duration-ms="1" status="PASS">
          <reporter-output>
          </reporter-output>
        </test-method> <!-- tearDownClass -->
      </class> <!-- runner.TestRunner -->
    </test> <!-- Default test -->
  </suite> <!-- Default suite -->
</testng-results>
